<?xml version="1.0" encoding="UTF-8"?>
<!-- Generated by org.testng.reporters.JUnitReportReporter -->
<testsuite hostname="LenovoV310" failures="0" tests="2" name="Qualitest.QualiCoachAssignment.AdminDownloadReport" time="48.870" errors="0" timestamp="2021-10-22T13:30:58 IST" skipped="0">
  <testcase classname="Qualitest.QualiCoachAssignment.AdminDownloadReport" name="validAdminPageAutomation" time="35.679"/>
  <system-out/>
  <testcase classname="Qualitest.QualiCoachAssignment.AdminDownloadReport" name="viewDownloadReports" time="13.191"/>
  <system-out/>
</testsuite> <!-- Qualitest.QualiCoachAssignment.AdminDownloadReport -->
