<?xml version="1.0" encoding="UTF-8"?>
<!-- Generated by org.testng.reporters.JUnitReportReporter -->
<testsuite hostname="LenovoV310" failures="0" tests="2" name="Qualitest.QualiCoachAssignment.AdminDeleteUser" time="71.783" errors="0" timestamp="2021-10-22T13:29:09 IST" skipped="0">
  <testcase classname="Qualitest.QualiCoachAssignment.AdminDeleteUser" name="validAdminPageAutomation" time="41.673"/>
  <system-out/>
  <testcase classname="Qualitest.QualiCoachAssignment.AdminDeleteUser" name="deleteUser" time="30.110"/>
  <system-out/>
</testsuite> <!-- Qualitest.QualiCoachAssignment.AdminDeleteUser -->
