<?xml version="1.0" encoding="UTF-8"?>
<!-- Generated by org.testng.reporters.JUnitReportReporter -->
<testsuite hostname="LenovoV310" failures="0" tests="9" name="Qualitest.QualiCoachAssignment.StudentTest" time="191.547" errors="0" timestamp="2021-10-25T08:53:44 IST" skipped="0">
  <testcase classname="Qualitest.QualiCoachAssignment.StudentTest" name="emptyFields" time="11.648"/>
  <system-out/>
  <testcase classname="Qualitest.QualiCoachAssignment.StudentTest" name="numericValues" time="6.767"/>
  <system-out/>
  <testcase classname="Qualitest.QualiCoachAssignment.StudentTest" name="validstudentPageAutomation" time="81.577"/>
  <system-out/>
  <testcase classname="Qualitest.QualiCoachAssignment.StudentTest" name="inValidUsername" time="5.843"/>
  <system-out/>
  <testcase classname="Qualitest.QualiCoachAssignment.StudentTest" name="editProfile" time="26.733"/>
  <system-out/>
  <testcase classname="Qualitest.QualiCoachAssignment.StudentTest" name="getFeedbackBadge" time="23.592"/>
  <system-out/>
  <testcase classname="Qualitest.QualiCoachAssignment.StudentTest" name="getFeedbackCertificate" time="14.773"/>
  <system-out/>
  <testcase classname="Qualitest.QualiCoachAssignment.StudentTest" name="inValidPassword" time="4.525"/>
  <system-out/>
  <testcase classname="Qualitest.QualiCoachAssignment.StudentTest" name="enroleToCourse" time="16.089"/>
  <system-out/>
</testsuite> <!-- Qualitest.QualiCoachAssignment.StudentTest -->
