<?xml version="1.0" encoding="UTF-8"?>
<!-- Generated by org.testng.reporters.JUnitReportReporter -->
<testsuite hostname="LenovoV310" failures="0" tests="10" name="Qualitest.QualiCoachAssignment.AdminTest" time="195.912" errors="0" timestamp="2021-10-25T08:58:56 IST" skipped="0">
  <testcase classname="Qualitest.QualiCoachAssignment.AdminTest" name="createNewUser" time="24.915"/>
  <system-out/>
  <testcase classname="Qualitest.QualiCoachAssignment.AdminTest" name="editUsersInformation" time="22.586"/>
  <system-out/>
  <testcase classname="Qualitest.QualiCoachAssignment.AdminTest" name="alphanumericValues" time="10.932"/>
  <system-out/>
  <testcase classname="Qualitest.QualiCoachAssignment.AdminTest" name="inValidUsername" time="5.359"/>
  <system-out/>
  <testcase classname="Qualitest.QualiCoachAssignment.AdminTest" name="inValidPassword" time="4.552"/>
  <system-out/>
  <testcase classname="Qualitest.QualiCoachAssignment.AdminTest" name="deleteUser" time="23.373"/>
  <system-out/>
  <testcase classname="Qualitest.QualiCoachAssignment.AdminTest" name="addCourse" time="57.123"/>
  <system-out/>
  <testcase classname="Qualitest.QualiCoachAssignment.AdminTest" name="validAdminPageAutomation" time="31.458"/>
  <system-out/>
  <testcase classname="Qualitest.QualiCoachAssignment.AdminTest" name="viewDownloadReports" time="10.615"/>
  <system-out/>
  <testcase classname="Qualitest.QualiCoachAssignment.AdminTest" name="emptyFields" time="4.999"/>
  <system-out/>
</testsuite> <!-- Qualitest.QualiCoachAssignment.AdminTest -->
