<?xml version="1.0" encoding="UTF-8"?>
<!-- Generated by org.testng.reporters.JUnitReportReporter -->
<testsuite hostname="LenovoV310" failures="0" tests="2" name="Qualitest.QualiCoachAssignment.AdminTest" time="54.328" errors="0" timestamp="2021-10-19T10:24:15 IST" skipped="0">
  <testcase classname="Qualitest.QualiCoachAssignment.AdminTest" name="editUsersInformation" time="11.981"/>
  <system-out/>
  <testcase classname="Qualitest.QualiCoachAssignment.AdminTest" name="validAdminPageAutomation" time="42.347"/>
  <system-out/>
</testsuite> <!-- Qualitest.QualiCoachAssignment.AdminTest -->
