<?xml version="1.0" encoding="UTF-8"?>
<!-- Generated by org.testng.reporters.JUnitReportReporter -->
<testsuite hostname="LenovoV310" failures="0" tests="10" name="Qualitest.QualiCoachAssignment.AdminTest" time="350.976" errors="0" timestamp="2021-10-21T22:58:41 IST" skipped="0">
  <testcase classname="Qualitest.QualiCoachAssignment.AdminTest" name="inValidPassword" time="6.841"/>
  <system-out/>
  <testcase classname="Qualitest.QualiCoachAssignment.AdminTest" name="viewDownloadReports" time="12.827"/>
  <system-out/>
  <testcase classname="Qualitest.QualiCoachAssignment.AdminTest" name="validAdminPageAutomation" time="140.629"/>
  <system-out/>
  <testcase classname="Qualitest.QualiCoachAssignment.AdminTest" name="editUsersInformation" time="25.911"/>
  <system-out/>
  <testcase classname="Qualitest.QualiCoachAssignment.AdminTest" name="createNewUser" time="31.484"/>
  <system-out/>
  <testcase classname="Qualitest.QualiCoachAssignment.AdminTest" name="emptyFields" time="10.506"/>
  <system-out/>
  <testcase classname="Qualitest.QualiCoachAssignment.AdminTest" name="deleteUser" time="24.926"/>
  <system-out/>
  <testcase classname="Qualitest.QualiCoachAssignment.AdminTest" name="alphanumericValues" time="18.487"/>
  <system-out/>
  <testcase classname="Qualitest.QualiCoachAssignment.AdminTest" name="inValidUsername" time="5.575"/>
  <system-out/>
  <testcase classname="Qualitest.QualiCoachAssignment.AdminTest" name="addCourse" time="73.790"/>
  <system-out/>
</testsuite> <!-- Qualitest.QualiCoachAssignment.AdminTest -->
