<?xml version="1.0" encoding="UTF-8"?>
<!-- Generated by org.testng.reporters.JUnitReportReporter -->
<testsuite hostname="LenovoV310" failures="0" tests="5" name="Qualitest.QualiCoachAssignment.AdminLoginPage" time="60.546" errors="0" timestamp="2021-10-22T13:06:09 IST" skipped="0">
  <testcase classname="Qualitest.QualiCoachAssignment.AdminLoginPage" name="alphanumericValues" time="11.519"/>
  <system-out/>
  <testcase classname="Qualitest.QualiCoachAssignment.AdminLoginPage" name="validAdminPageAutomation" time="32.921"/>
  <system-out/>
  <testcase classname="Qualitest.QualiCoachAssignment.AdminLoginPage" name="inValidPassword" time="5.216"/>
  <system-out/>
  <testcase classname="Qualitest.QualiCoachAssignment.AdminLoginPage" name="emptyFields" time="5.210"/>
  <system-out/>
  <testcase classname="Qualitest.QualiCoachAssignment.AdminLoginPage" name="inValidUsername" time="5.680"/>
  <system-out/>
</testsuite> <!-- Qualitest.QualiCoachAssignment.AdminLoginPage -->
