<?xml version="1.0" encoding="UTF-8"?>
<!-- Generated by org.testng.reporters.JUnitReportReporter -->
<testsuite hostname="LenovoV310" failures="0" tests="2" name="Qualitest.QualiCoachAssignment.AdminAddCourse" time="105.347" errors="0" timestamp="2021-10-22T13:12:59 IST" skipped="0">
  <testcase classname="Qualitest.QualiCoachAssignment.AdminAddCourse" name="validAdminPageAutomation" time="34.636"/>
  <system-out/>
  <testcase classname="Qualitest.QualiCoachAssignment.AdminAddCourse" name="addCourse" time="70.711"/>
  <system-out/>
</testsuite> <!-- Qualitest.QualiCoachAssignment.AdminAddCourse -->
