<?xml version="1.0" encoding="UTF-8"?>
<!-- Generated by org.testng.reporters.JUnitReportReporter -->
<testsuite hostname="LenovoV310" failures="0" tests="9" name="Qualitest.QualiCoachAssignment.StudentTest" time="171.447" errors="0" timestamp="2021-10-21T21:46:50 IST" skipped="0">
  <testcase classname="Qualitest.QualiCoachAssignment.StudentTest" name="enroleToCourse" time="11.713"/>
  <system-out/>
  <testcase classname="Qualitest.QualiCoachAssignment.StudentTest" name="getFeedbackCertificate" time="13.827"/>
  <system-out/>
  <testcase classname="Qualitest.QualiCoachAssignment.StudentTest" name="inValidUsername" time="6.564"/>
  <system-out/>
  <testcase classname="Qualitest.QualiCoachAssignment.StudentTest" name="editProfile" time="23.765"/>
  <system-out/>
  <testcase classname="Qualitest.QualiCoachAssignment.StudentTest" name="numericValues" time="5.323"/>
  <system-out/>
  <testcase classname="Qualitest.QualiCoachAssignment.StudentTest" name="validstudentPageAutomation" time="76.565"/>
  <system-out/>
  <testcase classname="Qualitest.QualiCoachAssignment.StudentTest" name="emptyFields" time="12.317"/>
  <system-out/>
  <testcase classname="Qualitest.QualiCoachAssignment.StudentTest" name="getFeedbackBadge" time="16.367"/>
  <system-out/>
  <testcase classname="Qualitest.QualiCoachAssignment.StudentTest" name="inValidPassword" time="5.006"/>
  <system-out/>
</testsuite> <!-- Qualitest.QualiCoachAssignment.StudentTest -->
