<?xml version="1.0" encoding="UTF-8"?>
<!-- Generated by org.testng.reporters.JUnitReportReporter -->
<testsuite hostname="LenovoV310" failures="0" tests="2" name="Qualitest.QualiCoachAssignment.StudentTest" time="38.606" errors="0" timestamp="2021-10-20T11:14:51 IST" skipped="0">
  <testcase classname="Qualitest.QualiCoachAssignment.StudentTest" name="getCertificate" time="7.580"/>
  <system-out/>
  <testcase classname="Qualitest.QualiCoachAssignment.StudentTest" name="validstudentPageAutomation" time="31.026"/>
  <system-out/>
</testsuite> <!-- Qualitest.QualiCoachAssignment.StudentTest -->
