<?xml version="1.0" encoding="UTF-8"?>
<!-- Generated by org.testng.reporters.JUnitReportReporter -->
<testsuite hostname="LenovoV310" failures="0" tests="1" name="Qualitest.QualiCoachAssignment.AppTest" time="0.017" errors="0" timestamp="2021-10-25T08:02:29 IST" skipped="0">
  <testcase classname="Qualitest.QualiCoachAssignment.AppTest" name="demo" time="0.017"/>
  <system-out/>
</testsuite> <!-- Qualitest.QualiCoachAssignment.AppTest -->
