<?xml version="1.0" encoding="UTF-8"?>
<!-- Generated by org.testng.reporters.JUnitReportReporter -->
<testsuite hostname="LenovoV310" failures="0" tests="2" name="Qualitest.QualiCoachAssignment.StudentTest" time="68.122" errors="0" timestamp="2021-10-20T14:41:10 IST" skipped="0">
  <testcase classname="Qualitest.QualiCoachAssignment.StudentTest" name="validstudentPageAutomation" time="46.700"/>
  <system-out/>
  <testcase classname="Qualitest.QualiCoachAssignment.StudentTest" name="badgeAndFeedback" time="21.422"/>
  <system-out/>
</testsuite> <!-- Qualitest.QualiCoachAssignment.StudentTest -->
